<?xml version="1.0" encoding="UTF-8"?>
<!-- Generated by org.testng.reporters.JUnitReportReporter -->
<testsuite hostname="MSI" failures="0" tests="1" name="Automation_day11.Google_search_TestNG" time="25.068" errors="0" timestamp="2020-05-17T12:56:41 EDT" skipped="0">
  <testcase classname="Automation_day11.Google_search_TestNG" name="googleSearch" time="25.068"/>
  <system-out>
Entering a value on element Search Field Entering a value on element Google Search Button Entering a value on element Search Result The search Result is 1,420,000,000 Entering a value on element Search Field Entering a value on element Google Search Button Entering a value on element Search Result The search Result is 411,000,000 Entering a value on element Search Field Entering a value on element Google Search Button Entering a value on element Search Result The search Result is 265,000,000  </system-out>
</testsuite> <!-- Automation_day11.Google_search_TestNG -->
